[ERROR] SyntaxError: Unexpected token T (http://localhost:3017/tools/coverage/loader.html?/html/dom/dynamic-markup-insertion/document-write/iframe_010.html) received: <<<TypeError: 'undefined' is not an object (evaluating 'top.t.step')

  http://localhost:3017/html/dom/dynamic-markup-insertion/document-write/iframe_010.html:1
{"path":"/html/dom/dynamic-markup-insertion/document-write/iframe_010.html","tests":1}
>>>


[ERROR] SyntaxError: Unexpected token T (http://localhost:3017/tools/coverage/loader.html?/html/dom/dynamic-markup-insertion/opening-the-input-stream/document.open-03-frame.html) received: <<<TypeError: 'undefined' is not a function (evaluating 'parent.report(window.setTimeout === setTimeout, false, "setTimeout")')

  http://localhost:3017/html/dom/dynamic-markup-insertion/opening-the-input-stream/document.open-03-frame.html:6
{"path":"/html/dom/dynamic-markup-insertion/opening-the-input-stream/document.open-03-frame.html","tests":0}
>>>


[ERROR] SyntaxError: Unexpected token S (http://localhost:3017/tools/coverage/loader.html?/html/dom/elements/global-attributes/dir_auto-contained-script-L-ref.html) received: <<<SyntaxError: Parse error

SyntaxError: Parse error

SyntaxError: Parse error

SyntaxError: Parse error

{"path":"/html/dom/elements/global-attributes/dir_auto-contained-script-L-ref.html","tests":0}
>>>
[ERROR] SyntaxError: Unexpected token S (http://localhost:3017/tools/coverage/loader.html?/html/dom/elements/global-attributes/dir_auto-contained-script-L.html) received: <<<SyntaxError: Parse error

SyntaxError: Parse error

SyntaxError: Parse error

SyntaxError: Parse error

{"path":"/html/dom/elements/global-attributes/dir_auto-contained-script-L.html","tests":0}
>>>


[ERROR] SyntaxError: Unexpected token R (http://localhost:3017/tools/coverage/loader.html?/html/semantics/embedded-content-0/media-elements/audio_loop_current_media_controller.html) received: <<<ReferenceError: Can't find variable: MediaController

  http://localhost:3017/html/semantics/embedded-content-0/media-elements/audio_loop_current_media_controller.html:16
{"path":"/html/semantics/embedded-content-0/media-elements/audio_loop_current_media_controller.html","tests":0}
>>>
[ERROR] SyntaxError: Unexpected token T (http://localhost:3017/tools/coverage/loader.html?/html/semantics/embedded-content-0/media-elements/audio_muted_overriding_volume.html) received: <<<TypeError: 'undefined' is not a function (evaluating 'media.play()')

  http://localhost:3017/html/semantics/embedded-content-0/media-elements/audio_muted_overriding_volume.html:18
{"path":"/html/semantics/embedded-content-0/media-elements/audio_muted_overriding_volume.html","tests":0}
>>>
[ERROR] SyntaxError: Unexpected token T (http://localhost:3017/tools/coverage/loader.html?/html/semantics/embedded-content-0/media-elements/audio_muted_present.html) received: <<<TypeError: 'undefined' is not a function (evaluating 'media.play()')

  http://localhost:3017/html/semantics/embedded-content-0/media-elements/audio_muted_present.html:17
{"path":"/html/semantics/embedded-content-0/media-elements/audio_muted_present.html","tests":0}
>>>
[ERROR] SyntaxError: Unexpected token T (http://localhost:3017/tools/coverage/loader.html?/html/semantics/embedded-content-0/media-elements/audio_volume_loudest.html) received: <<<TypeError: 'undefined' is not a function (evaluating 'media.play()')

  http://localhost:3017/html/semantics/embedded-content-0/media-elements/audio_volume_loudest.html:18
{"path":"/html/semantics/embedded-content-0/media-elements/audio_volume_loudest.html","tests":0}
>>>
[ERROR] SyntaxError: Unexpected token T (http://localhost:3017/tools/coverage/loader.html?/html/semantics/embedded-content-0/media-elements/audio_volume_silent.html) received: <<<TypeError: 'undefined' is not a function (evaluating 'media.play()')

  http://localhost:3017/html/semantics/embedded-content-0/media-elements/audio_volume_silent.html:18
{"path":"/html/semantics/embedded-content-0/media-elements/audio_volume_silent.html","tests":0}
>>>




[ERROR] SyntaxError: Unexpected token o (http://localhost:3017/tools/coverage/loader.html?/html/semantics/embedded-content-0/media-elements/currentSrc_nonempty_after_adding_source_child.html) received: <<<[object Object]

  http://localhost:3017/resources/testharness.js:1942 in assert
  http://localhost:3017/resources/testharness.js:603 in assert_true
  http://localhost:3017/html/semantics/embedded-content-0/media-elements/currentSrc_nonempty_after_adding_source_child.html:16
{"path":"/html/semantics/embedded-content-0/media-elements/currentSrc_nonempty_after_adding_source_child.html","tests":0}
>>>
[ERROR] SyntaxError: Unexpected token o (http://localhost:3017/tools/coverage/loader.html?/html/semantics/embedded-content-0/media-elements/currentSrc_nonempty_after_setting_src.html) received: <<<[object Object]

  http://localhost:3017/resources/testharness.js:1942 in assert
  http://localhost:3017/resources/testharness.js:603 in assert_true
  http://localhost:3017/html/semantics/embedded-content-0/media-elements/currentSrc_nonempty_after_setting_src.html:15
{"path":"/html/semantics/embedded-content-0/media-elements/currentSrc_nonempty_after_setting_src.html","tests":0}
>>>



[ERROR] Error: Command failed:  (http://localhost:3017/tools/coverage/loader.html?/html/semantics/embedded-content-0/media-elements/audio_loop_base.html)




[ERROR] SyntaxError: Unexpected token T (http://localhost:3017/tools/coverage/loader.html?/html/semantics/embedded-content-0/media-elements/event_pause.html) received: <<<TypeError: 'undefined' is not a function (evaluating 'a.pause()')

  http://localhost:3017/html/semantics/embedded-content-0/media-elements/event_pause.html:24
{"path":"/html/semantics/embedded-content-0/media-elements/event_pause.html","tests":1}
>>>




[ERROR] SyntaxError: Unexpected token T (http://localhost:3017/tools/coverage/loader.html?/html/semantics/embedded-content-0/media-elements/paused_true_during_pause.html) received: <<<TypeError: 'undefined' is not a function (evaluating 'a.play()')

  http://localhost:3017/html/semantics/embedded-content-0/media-elements/paused_true_during_pause.html:24
{"path":"/html/semantics/embedded-content-0/media-elements/paused_true_during_pause.html","tests":1}
>>>



[ERROR] Error: Command failed: PhantomJS has crashed. Please file a bug report at https://code.google.com/p/phantomjs/issues/entry and attach the crash dump file: /tmp/E205687D-4A8A-49B7-9A48-F9477A0313F2.dmp
 (http://localhost:3017/tools/coverage/loader.html?/html/semantics/embedded-content-0/the-audio-element/audio_002.htm)



 [ERROR] Error: Command failed: PhantomJS has crashed. Please file a bug report at https://code.google.com/p/phantomjs/issues/entry and attach the crash dump file: /tmp/08FA13B4-D0CC-43BB-B7E9-F4EE2DBAE4E6.dmp
  (http://localhost:3017/tools/coverage/loader.html?/html/semantics/embedded-content-0/the-canvas-element/2d.getcontext.unique.html)



[ERROR] SyntaxError: Unexpected token R (http://localhost:3017/tools/coverage/loader.html?/html/semantics/embedded-content-0/the-canvas-element/size.attributes.get.html) received: <<<ReferenceError: Can't find variable: add_result_callback

http://localhost:3017/common/canvas-tests.js:15
ReferenceError: Can't find variable: on_event

http://localhost:3017/common/canvas-tests.js:192 in _addTest
http://localhost:3017/html/semantics/embedded-content-0/the-canvas-element/size.attributes.get.html:31
{"path":"/html/semantics/embedded-content-0/the-canvas-element/size.attributes.get.html","tests":0}
>>>


[ERROR] SyntaxError: Unexpected token R (http://localhost:3017/tools/coverage/loader.html?/html/semantics/embedded-content-0/the-canvas-element/size.attributes.set.html) received: <<<ReferenceError: Can't find variable: add_result_callback

  http://localhost:3017/common/canvas-tests.js:15
ReferenceError: Can't find variable: on_event

  http://localhost:3017/common/canvas-tests.js:192 in _addTest
  http://localhost:3017/html/semantics/embedded-content-0/the-canvas-element/size.attributes.set.html:31
{"path":"/html/semantics/embedded-content-0/the-canvas-element/size.attributes.set.html","tests":0}
>>>


[ERROR] Error: Command failed: PhantomJS has crashed. Please file a bug report at https://code.google.com/p/phantomjs/issues/entry and attach the crash dump file: /tmp/A20949BE-773B-4DD7-ADEC-BF3A12CFEB15.dmp
 (http://localhost:3017/tools/coverage/loader.html?/html/semantics/embedded-content-0/the-canvas-element/toDataURL.arguments.2.html)


[ERROR] SyntaxError: Unexpected token o (http://localhost:3017/tools/coverage/loader.html?/html/semantics/embedded-content-0/the-video-element/currentSrc_nonempty_after_adding_source_child.html) received: <<<[object Object]

http://localhost:3017/resources/testharness.js:1942 in assert
http://localhost:3017/resources/testharness.js:603 in assert_true
http://localhost:3017/html/semantics/embedded-content-0/the-video-element/currentSrc_nonempty_after_adding_source_child.html:16
{"path":"/html/semantics/embedded-content-0/the-video-element/currentSrc_nonempty_after_adding_source_child.html","tests":0}
>>>
[ERROR] SyntaxError: Unexpected token o (http://localhost:3017/tools/coverage/loader.html?/html/semantics/embedded-content-0/the-video-element/currentSrc_nonempty_after_setting_src.html) received: <<<[object Object]

http://localhost:3017/resources/testharness.js:1942 in assert
http://localhost:3017/resources/testharness.js:603 in assert_true
http://localhost:3017/html/semantics/embedded-content-0/the-video-element/currentSrc_nonempty_after_setting_src.html:15
{"path":"/html/semantics/embedded-content-0/the-video-element/currentSrc_nonempty_after_setting_src.html","tests":0}
>>>


[ERROR] SyntaxError: Unexpected token T (http://localhost:3017/tools/coverage/loader.html?/html/semantics/embedded-content-0/the-video-element/event_pause.html) received: <<<TypeError: 'undefined' is not a function (evaluating 'v.pause()')

  http://localhost:3017/html/semantics/embedded-content-0/the-video-element/event_pause.html:24
{"path":"/html/semantics/embedded-content-0/the-video-element/event_pause.html","tests":1}
>>>


[ERROR] SyntaxError: Unexpected token T (http://localhost:3017/tools/coverage/loader.html?/html/semantics/embedded-content-0/the-video-element/paused_true_during_pause.html) received: <<<TypeError: 'undefined' is not a function (evaluating 'v.play()')

  http://localhost:3017/html/semantics/embedded-content-0/the-video-element/paused_true_during_pause.html:24
{"path":"/html/semantics/embedded-content-0/the-video-element/paused_true_during_pause.html","tests":1}
>>>

[ERROR] SyntaxError: Unexpected token R (http://localhost:3017/tools/coverage/loader.html?/html/semantics/embedded-content-0/the-video-element/video_loop_current_media_controller.html) received: <<<ReferenceError: Can't find variable: MediaController

  http://localhost:3017/html/semantics/embedded-content-0/the-video-element/video_loop_current_media_controller.html:16
{"path":"/html/semantics/embedded-content-0/the-video-element/video_loop_current_media_controller.html","tests":0}
>>>
[ERROR] SyntaxError: Unexpected token T (http://localhost:3017/tools/coverage/loader.html?/html/semantics/embedded-content-0/the-video-element/video_muted_overriding_volume.html) received: <<<TypeError: 'undefined' is not a function (evaluating 'media.play()')

  http://localhost:3017/html/semantics/embedded-content-0/the-video-element/video_muted_overriding_volume.html:18
{"path":"/html/semantics/embedded-content-0/the-video-element/video_muted_overriding_volume.html","tests":0}
>>>
[ERROR] SyntaxError: Unexpected token T (http://localhost:3017/tools/coverage/loader.html?/html/semantics/embedded-content-0/the-video-element/video_muted_present.html) received: <<<TypeError: 'undefined' is not a function (evaluating 'media.play()')

  http://localhost:3017/html/semantics/embedded-content-0/the-video-element/video_muted_present.html:17
{"path":"/html/semantics/embedded-content-0/the-video-element/video_muted_present.html","tests":0}
>>>
[ERROR] SyntaxError: Unexpected token T (http://localhost:3017/tools/coverage/loader.html?/html/semantics/embedded-content-0/the-video-element/video_volume_loudest.html) received: <<<TypeError: 'undefined' is not a function (evaluating 'media.play()')

  http://localhost:3017/html/semantics/embedded-content-0/the-video-element/video_volume_loudest.html:18
{"path":"/html/semantics/embedded-content-0/the-video-element/video_volume_loudest.html","tests":0}
>>>
[ERROR] SyntaxError: Unexpected token T (http://localhost:3017/tools/coverage/loader.html?/html/semantics/embedded-content-0/the-video-element/video_volume_silent.html) received: <<<TypeError: 'undefined' is not a function (evaluating 'media.play()')

  http://localhost:3017/html/semantics/embedded-content-0/the-video-element/video_volume_silent.html:18
{"path":"/html/semantics/embedded-content-0/the-video-element/video_volume_silent.html","tests":0}
>>>

[ERROR] Error: Command failed:  (http://localhost:3017/tools/coverage/loader.html?/html/semantics/embedded-content-0/the-video-element/video_loop_base.html)


[ERROR] SyntaxError: Unexpected token R (http://localhost:3017/tools/coverage/loader.html?/html/semantics/text-level-semantics/the-a-element/a.text-getter-01.html) received: <<<ReferenceError: Can't find variable: b

  http://localhost:3017/html/semantics/text-level-semantics/the-a-element/a.text-getter-01.html:12
{"path":"/html/semantics/text-level-semantics/the-a-element/a.text-getter-01.html","tests":6}
>>>

[ERROR] SyntaxError: Unexpected token S (http://localhost:3017/tools/coverage/loader.html?/html/syntax/parsing/test_tests1.html) received: <<<SyntaxError: Parse error

{"path":"/html/syntax/parsing/test_tests1.html","tests":112}
>>>

[ERROR] SyntaxError: Unexpected token S (http://localhost:3017/tools/coverage/loader.html?/html/syntax/parsing/test_tests18.html) received: <<<SyntaxError: Parse error

SyntaxError: Parse error

SyntaxError: Parse error

SyntaxError: Parse error

{"path":"/html/syntax/parsing/test_tests18.html","tests":19}
>>>


[ERROR] SyntaxError: Unexpected token S (http://localhost:3017/tools/coverage/loader.html?/html/syntax/parsing/test_tests7.html) received: <<<SyntaxError: Parse error

{"path":"/html/syntax/parsing/test_tests7.html","tests":29}
>>>


[ERROR] Error: Command failed: PhantomJS has crashed. Please file a bug report at https://code.google.com/p/phantomjs/issues/entry and attach the crash dump file: /tmp/9B2C466F-BB62-4BB4-90C4-C8874CFFF205.dmp
 (http://localhost:3017/tools/coverage/loader.html?/html/syntax/parsing/test_tokenizer_numericEntities.html)


[ERROR] SyntaxError: Unexpected token o (http://localhost:3017/tools/coverage/loader.html?/html/webappapis/scripting/events/event-handler-spec-example.html) received: <<<[object Object]

http://localhost:3017/resources/testharness.js:1942 in assert
http://localhost:3017/resources/testharness.js:646 in assert_equals
http://localhost:3017/html/webappapis/scripting/events/event-handler-spec-example.html:20
{"path":"/html/webappapis/scripting/events/event-handler-spec-example.html","tests":1}
>>>
[ERROR] SyntaxError: Unexpected token S (http://localhost:3017/tools/coverage/loader.html?/html/webappapis/scripting/processing-model-2/window-onerror-parse-error.html) received: <<<SyntaxError: Parse error

{"path":"/html/webappapis/scripting/processing-model-2/window-onerror-parse-error.html","tests":3}
>>>
[ERROR] SyntaxError: Unexpected token b (http://localhost:3017/tools/coverage/loader.html?/html/webappapis/scripting/processing-model-2/window-onerror-runtime-error-throw.html) received: <<<bar

{"path":"/html/webappapis/scripting/processing-model-2/window-onerror-runtime-error-throw.html","tests":1}
>>>
[ERROR] SyntaxError: Unexpected token T (http://localhost:3017/tools/coverage/loader.html?/html/webappapis/scripting/processing-model-2/window-onerror-runtime-error.html) received: <<<TypeError: 'undefined' is not an object (evaluating 'window.nonexistentproperty.oops')

http://localhost:3017/html/webappapis/scripting/processing-model-2/window-onerror-runtime-error.html:35
{"path":"/html/webappapis/scripting/processing-model-2/window-onerror-runtime-error.html","tests":3}
>>>

[ERROR] Error: Command failed:  (http://localhost:3017/tools/coverage/loader.html?/html/syntax/parsing/test_tokenizer_unicodeCharsProblematic.html)


[ERROR] Error: Command failed: PhantomJS has crashed. Please file a bug report at https://code.google.com/p/phantomjs/issues/entry and attach the crash dump file: /tmp/9A1BBD77-3C9C-44B3-BFB2-FC161D12C4FF.dmp
 (http://localhost:3017/tools/coverage/loader.html?/canvas2d/compositing/2d.composite.uncovered.fill.destination-atop.html)


[ERROR] libpng error: incorrect header check
(http://localhost:3017/tools/coverage/loader.html?/canvas2d/drawing-images-to-the-canvas/2d.drawImage.broken.html)


[ERROR] SyntaxError: Unexpected token R (http://localhost:3017/tools/coverage/loader.html?/canvas2d/drawing-images-to-the-canvas/2d.drawImage.image.incomplete.empty.html) received: <<<ReferenceError: Can't find variable: add_result_callback

  http://localhost:3017/common/canvas-tests.js:15
ReferenceError: Can't find variable: on_event

  http://localhost:3017/common/canvas-tests.js:192 in _addTest
  http://localhost:3017/canvas2d/drawing-images-to-the-canvas/2d.drawImage.image.incomplete.empty.html:32
{"path":"/canvas2d/drawing-images-to-the-canvas/2d.drawImage.image.incomplete.empty.html","tests":0}
>>>
[ERROR] SyntaxError: Unexpected token R (http://localhost:3017/tools/coverage/loader.html?/canvas2d/drawing-images-to-the-canvas/2d.drawImage.image.incomplete.omitted.html) received: <<<ReferenceError: Can't find variable: add_result_callback

  http://localhost:3017/common/canvas-tests.js:15
ReferenceError: Can't find variable: on_event

  http://localhost:3017/common/canvas-tests.js:192 in _addTest
  http://localhost:3017/canvas2d/drawing-images-to-the-canvas/2d.drawImage.image.incomplete.omitted.html:32
{"path":"/canvas2d/drawing-images-to-the-canvas/2d.drawImage.image.incomplete.omitted.html","tests":0}
>>>
[ERROR] SyntaxError: Unexpected token R (http://localhost:3017/tools/coverage/loader.html?/canvas2d/drawing-images-to-the-canvas/2d.drawImage.incomplete.html) received: <<<ReferenceError: Can't find variable: add_result_callback

  http://localhost:3017/common/canvas-tests.js:15
ReferenceError: Can't find variable: on_event

  http://localhost:3017/common/canvas-tests.js:192 in _addTest
  http://localhost:3017/canvas2d/drawing-images-to-the-canvas/2d.drawImage.incomplete.html:31
{"path":"/canvas2d/drawing-images-to-the-canvas/2d.drawImage.incomplete.html","tests":0}
>>>


[ERROR] Error: Command failed: PhantomJS has crashed. Please file a bug report at https://code.google.com/p/phantomjs/issues/entry and attach the crash dump file: /tmp/64D88966-63A5-4684-B35C-94CFC4F1F765.dmp
(http://localhost:3017/tools/coverage/loader.html?/canvas2d/drawing-rectangles-to-the-canvas/2d.clearRect.zero.html)

[ERROR] Error: Command failed: PhantomJS has crashed. Please file a bug report at https://code.google.com/p/phantomjs/issues/entry and attach the crash dump file: /tmp/DE6BF0CB-8AB9-4826-87E5-F241F1999CAB.dmp
(http://localhost:3017/tools/coverage/loader.html?/canvas2d/drawing-text-to-the-canvas/2d.text.draw.fill.maxWidth.large.html)


[ERROR] SyntaxError: Unexpected token R (http://localhost:3017/tools/coverage/loader.html?/canvas2d/fill-and-stroke-styles/2d.gradient.interpolate.zerosize.html) received: <<<ReferenceError: Can't find variable: add_result_callback

  http://localhost:3017/common/canvas-tests.js:15
ReferenceError: Can't find variable: on_event

  http://localhost:3017/common/canvas-tests.js:192 in _addTest
  http://localhost:3017/canvas2d/fill-and-stroke-styles/2d.gradient.interpolate.zerosize.html:35
{"path":"/canvas2d/fill-and-stroke-styles/2d.gradient.interpolate.zerosize.html","tests":0}
>>>


[ERROR] SyntaxError: Unexpected token R (http://localhost:3017/tools/coverage/loader.html?/canvas2d/fill-and-stroke-styles/2d.pattern.image.incomplete.empty.html) received: <<<ReferenceError: Can't find variable: add_result_callback

  http://localhost:3017/common/canvas-tests.js:15
ReferenceError: Can't find variable: on_event

  http://localhost:3017/common/canvas-tests.js:192 in _addTest
  http://localhost:3017/canvas2d/fill-and-stroke-styles/2d.pattern.image.incomplete.empty.html:29
{"path":"/canvas2d/fill-and-stroke-styles/2d.pattern.image.incomplete.empty.html","tests":0}
>>>
[ERROR] SyntaxError: Unexpected token R (http://localhost:3017/tools/coverage/loader.html?/canvas2d/fill-and-stroke-styles/2d.pattern.image.incomplete.html) received: <<<ReferenceError: Can't find variable: add_result_callback

  http://localhost:3017/common/canvas-tests.js:15
ReferenceError: Can't find variable: on_event

  http://localhost:3017/common/canvas-tests.js:192 in _addTest
  http://localhost:3017/canvas2d/fill-and-stroke-styles/2d.pattern.image.incomplete.html:29
{"path":"/canvas2d/fill-and-stroke-styles/2d.pattern.image.incomplete.html","tests":0}
>>>


[ERROR] SyntaxError: Unexpected token R (http://localhost:3017/tools/coverage/loader.html?/canvas2d/fill-and-stroke-styles/2d.pattern.image.incomplete.omitted.html) received: <<<ReferenceError: Can't find variable: add_result_callback

  http://localhost:3017/common/canvas-tests.js:15
ReferenceError: Can't find variable: on_event

  http://localhost:3017/common/canvas-tests.js:192 in _addTest
  http://localhost:3017/canvas2d/fill-and-stroke-styles/2d.pattern.image.incomplete.omitted.html:29
{"path":"/canvas2d/fill-and-stroke-styles/2d.pattern.image.incomplete.omitted.html","tests":0}
>>>



[ERROR] Error: Command failed: PhantomJS has crashed. Please file a bug report at https://code.google.com/p/phantomjs/issues/entry and attach the crash dump file: /tmp/A1C7AA08-E018-438D-97EA-0DAA3C2B3299.dmp
(http://localhost:3017/tools/coverage/loader.html?/canvas2d/path-objects/2d.path.fill.winding.subtract.3.html)

[ERROR] Error: Command failed: PhantomJS has crashed. Please file a bug report at https://code.google.com/p/phantomjs/issues/entry and attach the crash dump file: /tmp/9CB07947-CE89-48EC-A2BD-83BA17D08114.dmp
(http://localhost:3017/tools/coverage/loader.html?/canvas2d/path-objects/2d.path.isPointInPath.subpath.html)


[ERROR] Error: Command failed: PhantomJS has crashed. Please file a bug report at https://code.google.com/p/phantomjs/issues/entry and attach the crash dump file: /tmp/EBE17E59-67D1-4BF9-84A2-0A17974EAA78.dmp
(http://localhost:3017/tools/coverage/loader.html?/canvas2d/path-objects/2d.path.stroke.prune.closed.html)




